<?xml version="1.0" encoding="utf-8"?>
<TestRun id="6151a3ef-8692-44a7-8ec7-acad87bfa068" name="Quang Minh@MINH 2025-08-26 18:10:12" runUser="MINH\Quang Minh" xmlns="http://microsoft.com/schemas/VisualStudio/TeamTest/2010">
  <Times creation="2025-08-26T18:10:12.2820132+07:00" queuing="2025-08-26T18:10:12.2820135+07:00" start="2025-08-26T18:10:11.5846712+07:00" finish="2025-08-26T18:10:12.2872972+07:00" />
  <TestSettings name="default" id="aebf3b6b-8a0b-4104-9e9c-ccb4066473f5">
    <Deployment runDeploymentRoot="Quang_Minh_MINH_2025-08-26_18_10_12" />
  </TestSettings>
  <Results>
    <UnitTestResult executionId="bf4476d9-81c1-499d-956f-df626d27dc11" testId="d649e8b9-ab99-f59c-1ff0-5c1838543a85" testName="ChildGuard.Tests.CoreModelsTests.JsonlSink_Writes_Line" computerName="MINH" duration="00:00:00.0486836" startTime="2025-08-26T18:10:12.1817611+07:00" endTime="2025-08-26T18:10:12.1817863+07:00" testType="13cdc9d9-ddb5-4fa4-a97d-d965ccfc6d4b" outcome="Passed" testListId="8c84fa94-04c1-424b-9868-57a2d4851a1d" relativeResultsDirectory="bf4476d9-81c1-499d-956f-df626d27dc11" />
  </Results>
  <TestDefinitions>
    <UnitTest name="ChildGuard.Tests.CoreModelsTests.JsonlSink_Writes_Line" storage="c:\vf\childguard\childguard.tests\bin\release\net8.0\childguard.tests.dll" id="d649e8b9-ab99-f59c-1ff0-5c1838543a85">
      <Execution id="bf4476d9-81c1-499d-956f-df626d27dc11" />
      <TestMethod codeBase="C:\VF\ChildGuard\ChildGuard.Tests\bin\Release\net8.0\ChildGuard.Tests.dll" adapterTypeName="executor://xunit/VsTestRunner2/netcoreapp" className="ChildGuard.Tests.CoreModelsTests" name="JsonlSink_Writes_Line" />
    </UnitTest>
  </TestDefinitions>
  <TestEntries>
    <TestEntry testId="d649e8b9-ab99-f59c-1ff0-5c1838543a85" executionId="bf4476d9-81c1-499d-956f-df626d27dc11" testListId="8c84fa94-04c1-424b-9868-57a2d4851a1d" />
  </TestEntries>
  <TestLists>
    <TestList name="Results Not in a List" id="8c84fa94-04c1-424b-9868-57a2d4851a1d" />
    <TestList name="All Loaded Results" id="19431567-8539-422a-85d7-44ee4e166bda" />
  </TestLists>
  <ResultSummary outcome="Completed">
    <Counters total="1" executed="1" passed="1" failed="0" error="0" timeout="0" aborted="0" inconclusive="0" passedButRunAborted="0" notRunnable="0" notExecuted="0" disconnected="0" warning="0" completed="0" inProgress="0" pending="0" />
    <Output>
      <StdOut>[xUnit.net 00:00:00.00] xUnit.net VSTest Adapter v2.5.3.1+6b60a9e56a (64-bit .NET 8.0.6)&#xD;
[xUnit.net 00:00:00.08]   Discovering: ChildGuard.Tests&#xD;
[xUnit.net 00:00:00.11]   Discovered:  ChildGuard.Tests&#xD;
[xUnit.net 00:00:00.11]   Starting:    ChildGuard.Tests&#xD;
[xUnit.net 00:00:00.21]   Finished:    ChildGuard.Tests&#xD;
</StdOut>
    </Output>
  </ResultSummary>
</TestRun>